Arguments: 
  /usr/bin/node /usr/local/bin/yarn init

PATH: 
  /home/matthew/.rbenv/shims:/home/matthew/.rbenv/bin:/usr/local/sbin:/usr/local/bin:/usr/sbin:/usr/bin:/sbin:/bin:/usr/games:/usr/local/games:/mnt/c/Program Files (x86)/Common Files/Oracle/Java/javapath:/mnt/c/Program Files/Python37/Scripts:/mnt/c/Program Files/Python37:/mnt/c/Windows/System32:/mnt/c/Windows:/mnt/c/Windows/System32/wbem:/mnt/c/Windows/System32/WindowsPowerShell/v1.0:/mnt/c/Program Files (x86)/NVIDIA Corporation/PhysX/Common:/mnt/c/Program Files/nodejs:/mnt/c/Program Files/dotnet:/mnt/c/Program Files/Microsoft SQL Server/130/Tools/Binn:/mnt/c/Windows/System32:/mnt/c/Windows:/mnt/c/Windows/System32/wbem:/mnt/c/Windows/System32/WindowsPowerShell/v1.0:/mnt/c/Windows/System32/OpenSSH:/mnt/c/Program Files/Git/cmd:/mnt/c/Program Files/Intel/WiFi/bin:/mnt/c/Program Files/Common Files/Intel/WirelessCommon:/mnt/c/Program Files/NVIDIA Corporation/NVIDIA NvDLISR:/mnt/c/Program Files/PuTTY:/mnt/c/:/mnt/c/Ruby25-x64/bin:/mnt/c/Users/Spiffpitt/AppData/Local/Microsoft/WindowsApps:/mnt/c/Users/Spiffpitt/AppData/Roaming/npm:/mnt/c/Users/Spiffpitt/AppData/Local/atom/bin:/mnt/c/Users/Spiffpitt/AppData/Local/Microsoft/WindowsApps:/mnt/c/Users/Spiffpitt/AppData/Local/hyper/app-2.1.1/resources/bin:/mnt/c/Users/Spiffpitt/AppData/Local/GitHubDesktop/bin:/snap/bin

Yarn version: 
  1.13.0

Node version: 
  8.10.0

Platform: 
  linux x64

Trace: 
  SyntaxError: /mnt/d/desktop/fullstack/kyles-dogs-api/package.json: Unexpected end of JSON input
      at JSON.parse (<anonymous>)
      at /usr/local/lib/node_modules/yarn/lib/cli.js:1625:59
      at Generator.next (<anonymous>)
      at step (/usr/local/lib/node_modules/yarn/lib/cli.js:304:30)
      at /usr/local/lib/node_modules/yarn/lib/cli.js:315:13
      at <anonymous>

npm manifest: 
  

yarn manifest: 
  No manifest

Lockfile: 
  # THIS IS AN AUTOGENERATED FILE. DO NOT EDIT THIS FILE DIRECTLY.
  # yarn lockfile v1
